<?xml version="1.0" encoding="UTF-8"?>
<testsuite name="TestRunner.LoginTestRunner" tests="1" skipped="0" failures="0" errors="0" timestamp="2025-07-27T12:46:50" hostname="FAISAL-AWAL18" time="7.072">
  <properties/>
  <testcase name="doLoginWithValidCred" classname="TestRunner.LoginTestRunner" time="7.072"/>
  <system-out><![CDATA[]]></system-out>
  <system-err><![CDATA[]]></system-err>
</testsuite>
