<?xml version="1.0" encoding="UTF-8"?>
<testsuite name="TestRunner.orderTestRunner" tests="4" skipped="0" failures="0" errors="0" timestamp="2025-07-27T12:47:02" hostname="FAISAL-AWAL18" time="29.051">
  <properties/>
  <testcase name="doLoginWithValidCred" classname="TestRunner.orderTestRunner" time="7.468"/>
  <testcase name="doOrderCreation" classname="TestRunner.orderTestRunner" time="7.341"/>
  <testcase name="doProductSelect" classname="TestRunner.orderTestRunner" time="4.481"/>
  <testcase name="doAddToCartSelect" classname="TestRunner.orderTestRunner" time="9.754"/>
  <system-out><![CDATA[]]></system-out>
  <system-err><![CDATA[]]></system-err>
</testsuite>
