<?xml version="1.0" encoding="UTF-8"?>
<testsuite name="TestRunner.orderTestRunner" tests="4" skipped="0" failures="0" errors="0" timestamp="2025-08-04T12:50:09" hostname="FAISAL-AWAL18" time="30.317">
  <properties/>
  <testcase name="doLoginWithValidCred" classname="TestRunner.orderTestRunner" time="7.652"/>
  <testcase name="doOrderCreation" classname="TestRunner.orderTestRunner" time="8.389"/>
  <testcase name="doProductSelect" classname="TestRunner.orderTestRunner" time="4.854"/>
  <testcase name="doAddToCartSelect" classname="TestRunner.orderTestRunner" time="9.416"/>
  <system-out><![CDATA[]]></system-out>
  <system-err><![CDATA[]]></system-err>
</testsuite>
